Error occured.
Code: 0.
Message: Страница не найдена.
File: /mnt/hgfs/BeeJee/test/app/views/default/404.php.
Line: 3.
Trace: #0 /mnt/hgfs/BeeJee/test/app/controllers/ControllerController.php(25): require()
#1 /mnt/hgfs/BeeJee/test/app/controllers/ControllerController.php(35): ControllerController->renderPhpFile('/mnt/hgfs/BeeJe...', Array)
#2 /mnt/hgfs/BeeJee/test/app/controllers/DefaultController.php(18): ControllerController->render('404')
#3 /mnt/hgfs/BeeJee/test/app/helpers/RouterHelper.php(210): DefaultController->action404()
#4 /mnt/hgfs/BeeJee/test/web/index.php(27): RouterHelper->run()
#5 {main}


Error occured.
Code: 0.
Message: Страница не найдена.
File: /mnt/hgfs/BeeJee/test/app/views/default/404.php.
Line: 3.
Trace: #0 /mnt/hgfs/BeeJee/test/app/controllers/ControllerController.php(25): require()
#1 /mnt/hgfs/BeeJee/test/app/controllers/ControllerController.php(35): ControllerController->renderPhpFile('/mnt/hgfs/BeeJe...', Array)
#2 /mnt/hgfs/BeeJee/test/app/controllers/DefaultController.php(18): ControllerController->render('404')
#3 /mnt/hgfs/BeeJee/test/app/helpers/RouterHelper.php(210): DefaultController->action404()
#4 /mnt/hgfs/BeeJee/test/web/index.php(27): RouterHelper->run()
#5 {main}


++++++++++++++++++++++++++++++++++++++++++++

Error occured.
Code: 0.
Message: Страница не найдена.
File: /mnt/hgfs/BeeJee/test/app/views/default/404.php.
Line: 3.
Trace: #0 /mnt/hgfs/BeeJee/test/app/controllers/ControllerController.php(25): require()
#1 /mnt/hgfs/BeeJee/test/app/controllers/ControllerController.php(35): ControllerController->renderPhpFile('/mnt/hgfs/BeeJe...', Array)
#2 /mnt/hgfs/BeeJee/test/app/controllers/DefaultController.php(18): ControllerController->render('404')
#3 /mnt/hgfs/BeeJee/test/app/helpers/RouterHelper.php(210): DefaultController->action404()
#4 /mnt/hgfs/BeeJee/test/web/index.php(27): RouterHelper->run()
#5 {main}


++++++++++++++++++++++++++++++++++++++++++++


Error occured.
Code: 0.
Message: Страница не найдена.
File: /mnt/hgfs/BeeJee/test/app/views/default/404.php.
Line: 3.
Trace: #0 /mnt/hgfs/BeeJee/test/app/controllers/ControllerController.php(25): require()
#1 /mnt/hgfs/BeeJee/test/app/controllers/ControllerController.php(35): ControllerController->renderPhpFile('/mnt/hgfs/BeeJe...', Array)
#2 /mnt/hgfs/BeeJee/test/app/controllers/DefaultController.php(18): ControllerController->render('404')
#3 /mnt/hgfs/BeeJee/test/app/helpers/RouterHelper.php(210): DefaultController->action404()
#4 /mnt/hgfs/BeeJee/test/web/index.php(27): RouterHelper->run()
#5 {main}


++++++++++++++++++++++++++++++++++++++++++++


Error occured.
Code: 0.
Message: Страница не найдена.
File: /mnt/hgfs/BeeJee/test/app/views/default/404.php.
Line: 3.
Trace: #0 /mnt/hgfs/BeeJee/test/app/controllers/ControllerController.php(25): require()
#1 /mnt/hgfs/BeeJee/test/app/controllers/ControllerController.php(35): ControllerController->renderPhpFile('/mnt/hgfs/BeeJe...', Array)
#2 /mnt/hgfs/BeeJee/test/app/controllers/DefaultController.php(18): ControllerController->render('404')
#3 /mnt/hgfs/BeeJee/test/app/helpers/RouterHelper.php(210): DefaultController->action404()
#4 /mnt/hgfs/BeeJee/test/web/index.php(27): RouterHelper->run()
#5 {main}


++++++++++++++++++++++++++++++++++++++++++++


Error occured.
Code: 0.
Message: Страница не найдена.
File: /mnt/hgfs/BeeJee/test/app/views/default/404.php.
Line: 3.
Trace: #0 /mnt/hgfs/BeeJee/test/app/controllers/ControllerController.php(25): require()
#1 /mnt/hgfs/BeeJee/test/app/controllers/ControllerController.php(35): ControllerController->renderPhpFile('/mnt/hgfs/BeeJe...', Array)
#2 /mnt/hgfs/BeeJee/test/app/controllers/DefaultController.php(18): ControllerController->render('404')
#3 /mnt/hgfs/BeeJee/test/app/helpers/RouterHelper.php(210): DefaultController->action404()
#4 /mnt/hgfs/BeeJee/test/web/index.php(27): RouterHelper->run()
#5 {main}


++++++++++++++++++++++++++++++++++++++++++++


Error occured.
Code: 0.
Message: Страница не найдена.
File: /mnt/hgfs/BeeJee/test/app/views/default/404.php.
Line: 3.
Trace: #0 /mnt/hgfs/BeeJee/test/app/controllers/ControllerController.php(25): require()
#1 /mnt/hgfs/BeeJee/test/app/controllers/ControllerController.php(35): ControllerController->renderPhpFile('/mnt/hgfs/BeeJe...', Array)
#2 /mnt/hgfs/BeeJee/test/app/controllers/DefaultController.php(18): ControllerController->render('404')
#3 /mnt/hgfs/BeeJee/test/app/helpers/RouterHelper.php(210): DefaultController->action404()
#4 /mnt/hgfs/BeeJee/test/web/index.php(27): RouterHelper->run()
#5 {main}


++++++++++++++++++++++++++++++++++++++++++++


Error occured.
Code: 0.
Message: Страница не найдена.
File: /mnt/hgfs/BeeJee/test/app/views/default/404.php.
Line: 3.
Trace: #0 /mnt/hgfs/BeeJee/test/app/controllers/ControllerController.php(25): require()
#1 /mnt/hgfs/BeeJee/test/app/controllers/ControllerController.php(35): ControllerController->renderPhpFile('/mnt/hgfs/BeeJe...', Array)
#2 /mnt/hgfs/BeeJee/test/app/controllers/DefaultController.php(18): ControllerController->render('404')
#3 /mnt/hgfs/BeeJee/test/app/helpers/RouterHelper.php(210): DefaultController->action404()
#4 /mnt/hgfs/BeeJee/test/web/index.php(27): RouterHelper->run()
#5 {main}


++++++++++++++++++++++++++++++++++++++++++++


Error occured.
Code: 0.
Message: Страница не найдена.
File: /mnt/hgfs/BeeJee/test/app/views/default/404.php.
Line: 3.
Trace: #0 /mnt/hgfs/BeeJee/test/app/controllers/ControllerController.php(25): require()
#1 /mnt/hgfs/BeeJee/test/app/controllers/ControllerController.php(35): ControllerController->renderPhpFile('/mnt/hgfs/BeeJe...', Array)
#2 /mnt/hgfs/BeeJee/test/app/controllers/DefaultController.php(18): ControllerController->render('404')
#3 /mnt/hgfs/BeeJee/test/app/helpers/RouterHelper.php(210): DefaultController->action404()
#4 /mnt/hgfs/BeeJee/test/web/index.php(27): RouterHelper->run()
#5 {main}


++++++++++++++++++++++++++++++++++++++++++++


Error occured.
Code: 0.
Message: Страница не найдена.
File: /mnt/hgfs/BeeJee/test/app/views/default/404.php.
Line: 3.
Trace: #0 /mnt/hgfs/BeeJee/test/app/controllers/ControllerController.php(27): require()
#1 /mnt/hgfs/BeeJee/test/app/controllers/ControllerController.php(37): ControllerController->renderPhpFile('/mnt/hgfs/BeeJe...', Array)
#2 /mnt/hgfs/BeeJee/test/app/controllers/DefaultController.php(18): ControllerController->render('404')
#3 /mnt/hgfs/BeeJee/test/app/helpers/RouterHelper.php(210): DefaultController->action404()
#4 /mnt/hgfs/BeeJee/test/web/index.php(27): RouterHelper->run()
#5 {main}


++++++++++++++++++++++++++++++++++++++++++++


Error occured.
Code: 0.
Message: Страница не найдена.
File: /mnt/hgfs/BeeJee/test/app/views/default/404.php.
Line: 3.
Trace: #0 /mnt/hgfs/BeeJee/test/app/controllers/ControllerController.php(27): require()
#1 /mnt/hgfs/BeeJee/test/app/controllers/ControllerController.php(37): ControllerController->renderPhpFile('/mnt/hgfs/BeeJe...', Array)
#2 /mnt/hgfs/BeeJee/test/app/controllers/DefaultController.php(18): ControllerController->render('404')
#3 /mnt/hgfs/BeeJee/test/app/helpers/RouterHelper.php(210): DefaultController->action404()
#4 /mnt/hgfs/BeeJee/test/web/index.php(27): RouterHelper->run()
#5 {main}


++++++++++++++++++++++++++++++++++++++++++++


Error occured.
Code: 0.
Message: Страница не найдена.
File: /mnt/hgfs/BeeJee/test/app/views/default/404.php.
Line: 3.
Trace: #0 /mnt/hgfs/BeeJee/test/app/controllers/ControllerController.php(27): require()
#1 /mnt/hgfs/BeeJee/test/app/controllers/ControllerController.php(37): ControllerController->renderPhpFile('/mnt/hgfs/BeeJe...', Array)
#2 /mnt/hgfs/BeeJee/test/app/controllers/DefaultController.php(19): ControllerController->render('404')
#3 /mnt/hgfs/BeeJee/test/app/helpers/RouterHelper.php(210): DefaultController->action404()
#4 /mnt/hgfs/BeeJee/test/web/index.php(26): RouterHelper->run()
#5 {main}


++++++++++++++++++++++++++++++++++++++++++++


Error occured.
Code: 0.
Message: Страница не найдена.
File: /mnt/hgfs/BeeJee/test/app/views/default/404.php.
Line: 4.
Trace: #0 /mnt/hgfs/BeeJee/test/app/controllers/ControllerController.php(27): require()
#1 /mnt/hgfs/BeeJee/test/app/controllers/ControllerController.php(37): ControllerController->renderPhpFile('/mnt/hgfs/BeeJe...', Array)
#2 /mnt/hgfs/BeeJee/test/app/controllers/DefaultController.php(19): ControllerController->render('404')
#3 /mnt/hgfs/BeeJee/test/app/helpers/RouterHelper.php(210): DefaultController->action404()
#4 /mnt/hgfs/BeeJee/test/web/index.php(26): RouterHelper->run()
#5 {main}


++++++++++++++++++++++++++++++++++++++++++++


